[    0.000000] Initializing cgroup subsys cpuset
[    0.000000] Initializing cgroup subsys cpu
[    0.000000] Initializing cgroup subsys cpuacct
[    0.000000] Linux version 4.4.0-142-generic (buildd@lgw01-amd64-033) (gcc version 5.4.0 20160609 (Ubuntu 5.4.0-6ubuntu1~16.04.10) ) #168-Ubuntu SMP Wed Jan 16 21:00:45 UTC 2019 (Ubuntu 4.4.0-142.168-generic 4.4.167)
[    0.000000] Command line: BOOT_IMAGE=/boot/vmlinuz-4.4.0-142-generic root=LABEL=cloudimg-rootfs ro console=tty1 console=ttyS0
[    0.000000] KERNEL supported cpus:
[    0.000000]   Intel GenuineIntel
[    0.000000]   AMD AuthenticAMD
[    0.000000]   Centaur CentaurHauls
[    0.000000] x86/fpu: xstate_offset[2]:  576, xstate_sizes[2]:  256
[    0.00000] x86/fpu: Supporting XSAVE feature 0x01: 'x87 floating point registers'
[    0.000000] x6/fpu: Supporting XSAVE feature 0x02: 'SSE registers'
[    0.000000] x86/fpu: Supporting XSAVE feature 0x04: 'AVX registers'
[    0.000000] x86/fpu: Enabled xstate features 0x7, ontext size is 832 bytes, using 'standar' frmat.
[   0.000000] e820: BIOS-provded physical RAM map:
[    0.000000] BIOS-e820: [mem 0x0000000000000000-0x000000000009fbff] usable
[    0.000000] BIOS-e820: [mem 0x000000000009fc00-0x000000000009ffff] reserve
[    0.000000] BIOS-e820: [mm 0x00000000000f0000-0x00000000000fffff] reserved
[   0.000000] BIOS-e820: [mem 0x0000000000100000-0x000000003ffeffff] usable
[    0.000000] BIOS-e820: [mem 0x000000003fff0000-0x000000003fffffff] ACPI data
[    0.000000] BIOS-e820: [mem 0x00000000fec00000-0x000000fec00ff] reserved
[    0.000000] BIOS-e820: [mem 0x00000000fee00000-0x00000000fee00fff] reserved
[    0.000000] BIOS-e820 [mem 0x00000000fffc0000-0x00000000ffffffff] reserved
[    0.000000] NX (Execute Disable) protection: active
[    0.000000] SMBIOS 2.5 present.
[    0.000000] Hypervisor detected: KVM
[   0.00000] e820: last_pfn = 0x3fff0 max_arch_pfn = 0x400000000
[    0.000000] MTRR: Disabled
[    0.000000] x86/PAT: MTRRs disabled, skipping PAT initialization too.
[    0.000000] CPU MTRRs all blank - virtualized system.
[    0.000000] x86/PAT: Configuration [0-7]: WB  WT  UC- UC  WB  WT  UC- UC  
[    0.000000] found SMP MP-table at [mem 0x0009fff0-0x0009ffff] mapped at [ffff88000009fff0]
[    0.000000] Scanning 1 areas for low memory corruption
[    0.000000] RAMDISK: [mem 0x3630a000-0x3717cfff]
[    0.000000] ACPI: Early table checks verification disabled
[    0.000000] ACPI: RSDP 0x00000000000E0000 000024 (v02 VBOX  )
[    0.000000] ACPI: XSDT 0x000000003FFF0030 00003C (v01 VBOX   VBOXXSDT 00000001 ASL  00000061)
[    0.000000] ACPI: FACP 0x000000003FFF00F0 0000F4 (v04 VBOX   VBOXFACP 00000001 ASSL  00000061)
[    0.000000] ACPI: DSDT 0x000000003FFF0470 0021FF (v02 VBOX   VBOXBIOS 00000002 INTL 20100528)
[   0000000] ACPI: FACS 0x000000003FFF0200 000040
[    0.000000] ACPI: FACS 0x000000003FFF0200 000040
[    0.000000] ACPI: APIC 0x00000003FFF0240 00005C (v02 VBOX   VBOXAPIC00000001 ASL  00000061)
[    0.000000] ACPI: SSDT 0x000000003FFF020 0001CC (v01 VBX   BOXCPUT 00000002INTL 20100528)
[    0.000000] NoNUMA configuration found
[    0.000000] Faking a node at [mem 0x0000000000000000-0x000000003ffeffff]
[    0.000000] NODE_DATA(0) allocated [mem 0x3ffeb000-0x3ffeffff]
[    0.000000] kvm-clock: Using msrs 4b564d01 and 4b564d00
[    0.000000] kvm-clock: cpu 0, msr 0:3ffe3001, primary cpu clock
[    0.000000] kvm-clock: using sched offset of 5685166125 cycles
[    0.000000]  clocksource: kvm-clock: mask: xffffffffffffffff mx_ccles: 0x1cd42e4dffb, max_idle_ns: 88159591483 ns
[    0.00000] Zone ranges:
[   0.000000]   DMA      [mem 0x0000000000001000-0x0000000000ffffff]
[    0.000000]   DMA32    [mem 0x0000000001000000-0x000000003ffeffff]
[    0.000000]   Normal   empty
[    .00000]   Device   empty
[    0.000000] Movable zone start for each node
[    0.000000] Early memory node ranges
[    0.000000]   node   0: [mem 0x0000000000001000-0x000000000009efff]
[    0.000000]  node 0: [mem 0x0000000000100000-0x000000003ffeffff]
[    0.000000] Initmem setup node 0 [mem 0x0000000000001000-0x000000003ffeffff]
[    0.000000] ACPI: PM-Timer IO Port: 0x4008
[    0.000000] IOAPIC[0]: apic_id 2, version 32, address 0xfec00000, GSI 0-23
[    0.0000000] ACPI: INT_SRC_OVR (bus 0 bus_irq 0 global_irq 2 dfl dfl)
[    0.000000] ACPI: INT_SRC_OVR (bus 0 bus_irq 9 global_irq 9 low level)
[    0.000000] Using ACPI (MADT) for SMP configuration information
[    0.000000] smpboot: Allowing 2 CPUs, 0 hotplug CPUs
[    0.000000] PM: Registered nosave memory: [mem 0x00000000-0x00000fff]
[    0.000000] PM: Registered nosave memory: [mem 0x0009f000-0x0009ffff]
[    0.000000] PM: Registered nosave memory: [mem 0x000a0000-0x000effff]
[    0.000000] PM: Registered nosavememory: [mem 0x000f0000-0x000fffff]
[    0.000000] e820: [mem 0x40000000-0xfebfffff] available for PCI devices
[    0.000000] Booting paravirtualized kernel on KVM
[    0.000000] clocksource: refined-jiffies: mask: 0xffffffff max_cycles: 0xffffffff, max_idle_ns: 7645519600211568 ns
[    0.000000] setup_percpu: NR_CPUS:512 nr_cpmask_bits:512 r_cpu_ids:2 nr_node_ids:1
[   0.000000] PERCPU: Embedded 34 pages/cpu @ffff88003fc00000 s99480 r8192 d31592 u1048576
[    0.000000] Built 1 zonelists in Node order, mobility grouping on.  Total pages: 257912
[    0.000000] Policy zone: DMA32
[    0.000000] Kernel command line: BOOT_IMAGE=/oot/vmlinz-4.4.0-142-generic root=LBEL=cloudimg-rootfs ro console=tty1 console=ttyS0
[    0.000000] PID hash table entries: 4096 (order: 3, 32768 bytes)
[    0.000000] Memory: 997736K/1048120K available (8603K kernl code, 1332K rwdata, 4004K rodata, 1484K init, 1316K bs, 50384K reserved, 0K cma-reserved)
[    0.000000] SLUB: HWalign=64, Order=0-3, MinObjects=0, CPUs=2, Nodes=1
[    0.000000] Kernel/User page tables isolation: enabled
[    0.000000] Hierarchical RCU implementation.
[    0.000000] 	Build-time adjustment of leaf fanout to 64.
[    0.000000] 	RCUrestricting CPUs from NR_CPUS=512 to nr_cpu_ids=2.
[    0.000000] RCU: Adjusting geometry for rcu_fanout_leaf=64, nr_cpu_ids=2
[    0.000000] NR_IRQS:33024 nr_irqs:440 16
[    0.000000] Console: colour VGA+ 80x25
[    0.000000] console [tty1] enabled
[    0.000000] console [ttyS0] enabled
[    0.000000] tsc: Detected 2904.000 MHz processor
[    2.977100] Calibrating delay loop (skipped) preset value.. 5808.00 BogoMIPS (lpj=11616000)
[    2.981719] pid_max: default: 32768 minimum: 301
[    2.98405] ACPI: Core revision 20150930
[    3.031294] ACPI: 2 ACPI AML tables successfully acquired and loaded
[    3.033965] Security Framework initialized
[    3.040248] Yama: becoming mindful.
[    3.047368] AppArmor: AppArmor initialized
[    3.048909] Dentry cache hash table entries: 131072 (order: 8, 1048576 bytes)
[    3.095255] Inode-cache hash table entries: 65536 (order: 7, 524288 bytes)
[    3.098751] Mount-cache hash table entries: 2048 (order: 2, 16384 bytes)
[    3.101850] Mountpoint-cache hash table entries: 2048 (order: 2, 16384 bytes)
[    3.105584] Initializing cgroup subsys io
[    3.108407] Initializing cgroup subsys memory
[    3.111589] Initializing cgroup subsys devices
[    3.114614] Initializing cgroup subsys freezer
[    3.117748] Initializing cgroup subsys net_cls
[    3.146451] Initializing cgroup subsys perf_event
[    3.149474] Initializing cgroup subsys net_prio
[    3.166356] Initializing cgroup subsys hugetlb
[    3.169749] Initializing cgroup subsys pids
[    3.197719] mce: CPU supports 0 MCE banks
[    3.206934] Last level iTLB entries: 4KB 64, 2MB 8, 4MB 8
[    3.210229] Last level dTLB entries: 4KB 64, 2MB 0, 4MB 0, 1GB 4
[    3.213794] Spectre V2 : Mitigation: Full generic retpoline
[    3.217476] Spectre V2 : Spectre v2 / SpectreRSB mitigation: Filling RSB on context switch
[    3.233840] Speculative Store Bypass: Vulnerable
[    3.254449] Freeing SMP alternatives memory: 32K
[    3.269527] ftrace: allocating 32277 entries in 127 pages
[    3.445743] smpboot: APIC(0) Converting physical 0 to logical package 0
[    3.471548] smpboot: Max logical packages: 1
[    3.475596] x2apic enabled
[    3.478753] Switched APIC routing to physical x2apic.
[    3.486350] ..TIMER: vector=0x30 apic1=0 pin1=2 apic2=-1 pin2=-1
[    3.598568] smpboot: CPU0: Intel(R) Core(TM) i7-7600U CPU @ 2.80GHz (family: 0x6, model: 0x8e, stepping: 0x9)
[    3.606107] Performance Events: unsupported p6 CPU model 142 no PMU driver, software events only.
[    3.633795] KVM setup paravirtual spinlock
[    3.638120] x86: Booting SMP configuration:
[    3.640333] .... node  #0, CPUs:      #1
[    3.642421] kvm-clock: cpu 1, msr 0:3ffe3041, secondary cpu clock
[    3.646413] mce: CPU supports 0 MCE banks
[    3.649788] x86: Booted up 1 node, 2 CPUs
[    3.653095] smpboot: Total of 2 processors activated (11616.00 BogoMIPS)
[    3.658373] devtmpfs: initialized
[    3.665565] evm: security.selinux
[    3.667708] evm: security.SMACK64
[    3.669947] evm: security.SMACK64EXEC
[    3.672549] evm: security.SMACK64TRANSMUTE
[    3.674745] evm: security.SMACK64MMAP
[    3.676684] evm: security.ima
[    3.678414] evm: security.capability
[    3.680772] clocksource: jiffies: mask: 0xffffffff max_cycles: 0xffffffff, max_idle_ns: 7645041785100000 ns
[    3.686384] futex hash table entries: 512 (order: 3, 32768 bytes)
[    3.691221] pinctrl core: initialized pinctrl subsystem
[    3.711861] RTC time: 15:11:06, date: 03/14/19
[    3.714735] NET: Registered protocol family 16
[    3.727588] cpuidle: using governor ladder
[    3.759016] cpuidle: using governor menu
[    3.779512] PCCT header not found.
[    3.782095] ACPI: bus type PCI registered
[    3.785052] acpiphp: ACPI Hot Plug PCI Controller Driver version: 0.5
[    3.792935] PCI: Using configuration type 1 for base access
[    3.820594] ACPI: Added _OSI(Module Device)
[    3.829555] ACPI: Added _OSI(Processor Device)
[    3.832829] ACPI: Added _OSI(3.0 _SCP Extensions)
[    3.836341] ACPI: Added _OSI(Processor Aggregator Device)
[    3.845450] ACPI: Executed 1 blocks of module-level executable AML code
[    3.880342] ACPI: Interpreter enabled
[    3.883211] ACPI: (supports S0 S5)
[    3.900421] ACPI: Using IOAPIC for interrupt routing
[    3.904838] PCI: Using host bridge windows from ACPI; if necessary, use "pci=nocrs" and report a bug
[    3.919636] ACPI: PCI Root Bridge [PCI0] (domain 0000 [bus 00-ff])
[    3.936126] acpi PNP0A03:00: _OSC: OS supports [ASPM ClockPM Segments MSI]
[    3.952074] acpi PNP0A03:00: _OSC: not requesting OS control; OS requires [ExtendedConfig ASPM ClockPM MSI]
[    3.964419] acpi PNP0A03:00: fail to add MMCONFIG information, can't access extended PCI configuration space under this bridge.
[    4.024705] PCI host bridge to bus 0000:00
[    4.028836] pci_bus 0000:00: root bus resource [io  0x0000-0x0cf7 window]
[    4.032956] pci_bus 0000:00: root bus resource [io  0x0d00-0xffff window]
[    4.037699] pci_bus 0000:00: root bus resource [mem 0x000a0000-0x000bffff window]
[    4.047640] pci_bus 0000:00: root bus resource [mem 0x40000000-0xfdffffff window]
[    4.058131] pci_bus 0000:00: root bus resource [bus 00-ff]
[    4.080344] pci 0000:00:01.1: legacy IDE quirk: reg 0x10: [io  0x01f0-0x01f7]
[    4.084801] pci 0000:00:01.1: legacy IDE quirk: reg 0x14: [io  0x03f6]
[    4.089125] pci 0000:00:01.1: legacy IDE quirk: reg 0x18: [io  0x0170-0x0177]
[    4.121334] pci 0000:00:01.1: legacy IDE quirk: reg 0x1c: [io  0x0376]
[    4.158170] pci 0000:00:07.0: quirk: [io  0x4000-0x403f] claimed by PIIX4 ACPI
[    4.172106] pci 0000:00:07.0: quirk: [io  0x4100-0x410f] claimed by PIIX4 SMB
[    4.226087] ACPI: PCI Interrupt Link [LNKA] (IRQs 5 9 10 *11)
[    4.250250] ACPI: PCI Interrupt Link [LNKB] (IRQs 5 9 *10 11)
[    4.255712] ACPI: PCI Interrupt Link [LNKC] (IRQs 5 *9 10 11)
[    4.281597] ACPI: PCI Interrupt Link [LNKD] (IRQs 5 9 10 *11)
[    4.298089] ACPI: Enabled 2 GPEs in block 00 to 07
[    4.302068] vgaarb: setting as boot device: PCI:0000:00:02.0
[    4.306064] vgaarb: device added: PCI:0000:00:02.0,decodes=io+mem,owns=io+mem,locks=none
[    4.338037] vgaarb: loaded
[    4.340289] vgaarb: bridge control possible 0000:00:02.0
[    4.343662] SCSI subsystem initialized
[    4.346417] ACPI: bus type USB registered
[    4.363771] usbcore: registered new interface driver usbfs
[    4.389245] usbcore: registered new interface driver hub
[    4.392506] usbcore: registered new device driver usb
[    4.410924] PCI: Using ACPI for IRQ routing
[    4.439042] NetLabel: Initializing
[    4.441617] NetLabel:  domain hash size = 128
[    4.445046] NetLabel:  protocols = UNLABELED CIPSOv4
[    4.448361] NetLabel:  unlabeled traffic allowed by default
[    4.463273] amd_nb: Cannot enumerate AMD northbridges
[    4.481385] clocksource: Switched to clocksource kvm-clock
[    4.71246] AppArmor: AppArmor Filesystem Enabled
[    4.623606] pnp: PnP ACPI init
[    4.627817] pnp: PnP ACPI: found 3 devices

[    4.650983] clocksource: acpi_pm: mask: 0xffffff max_cycles: 0xffffff, max_idle_ns: 2085701024 ns
[    4.657908] NET: Registered protocol family 2
[    4.661630] TCP established hash table entries: 8192 (order: 4, 65536 bytes)
[    4.666231] TCP bind hash table entries: 8192 (order: 5, 131072 bytes)
[    4.670592] TCP: Hash tables configured (established 8192 bind 8192)
[    4.675611] UDP hash table entries: 512 (order: 2, 16384 bytes)
[    4.679997] UDP-Lite hash table entries: 512 (order: 2, 16384 bytes)
[    4.684839] NET: Registered protocol family 1
[    4.688411] pci 00:0:00.0: Limingiret I/PCI transfers
[    5.162941] pci 0000:00:01.0: Activating ISA DMA hang workarounds
[    5.166985] Unpacking initramfs...

[    6.798082] Freeing initrd memory: 14796K
[    6.822352] platform rtc_cmos: registered platform RTC device (no PNP device found)
[    6.860457] Scanning for low memory corruption every 60 seconds
[    6.864982] audit: initializing netlink subsys (disabled)
[    6.886869] audit: type=2000 audit(1552576273.278:1): initialized
[    6.903817] Initialise system trusted keyring
[    6.907527] HugeTLB registered 2 MB page size, pre-allocated 0 pages
[    6.940515] zbud: loaded
[    6.951328] VFS: Disk quotas dquot_6.6.0
[    6.965329] VFS: Dquot-cache hash table entries: 512 (order 0, 4096 bytes)
[    6.970290] squashfs: version 4.0 (2009/01/31) Phillip Lougher
[    6.974863] fuse init (API version 7.23)
[    6.977802] Key type big_key registered
[    6.981048] Allocating IMA MOK and blacklist keyrings.
[    6.987778] Key type asymmetric registered
[    6.989948] Asymmetric key parser 'x509' registered
[    6.999385] Block layer SCSI generic (bsg) driver version 0.4 loaded (major 249)
[    7.005484] io scheduler noop registered
[    7.008542] io scheduler deadline registered (default)
[    7.012587] io scheduler cfq registered
[    7.016767] pci_hotplug: PCI Hot Plug PCI Core version: 0.5
[    7.021558] pciehp: PCI Express Hot Plug Controller Driver version: 0.4
[    7.030345] ACPI: AC Adapter [AC] (off-line)
[    7.039698] input: Power Button as /devices/LNXSYSTM:00/LNXPWRBN:00/input/input0
[    7.047234] ACPI: Power Button [PWRF]
[    7.050424] input: Sleep Button as /devices/LNXSYSTM:00/LNXSLPBN:00/input/input1
[    7.062279] ACPI: Sleep Button [SLPF]
[    7.067498] ACPI: Battery Slot [BAT0] (battery present)
[    7.071406] GHES: HEST is not enabled!
[    7.074891] Serial: 8250/16550 driver, 32 ports, IRQ sharing enabled
[    7.106437] 00:02: ttyS0 at I/O 0x3f8 (irq = 4, base_baud = 115200) is a 16550A
[    7.114694] Linux agpgart interface v0.103
[    7.121762] loop: module loaded
[    7.125007] scsi host0: ata_piix
[    7.127302] scsi host1: ata_piix
[    7.129565] ata1: PATA max UDMA/33 cmd 0x1f0 ctl 0x3f6 bmdma 0xd000 irq 14
[    7.133699] ata2: PATA max UDMA/33 cmd 0x170 ctl 0x376 bmdma 0xd008 irq 15
[    7.138114] libphy: Fixed MDIO Bus: probed
[    7.141370] tun: Universal TUN/TAP device driver, 1.6
[    7.144376] tun: (C) 1999-2004 Max Krasnyansky <maxk@qualcomm.com>
[    7.147497] PPP generic driver version 2.4.2
[    7.150951] ehci_hcd: USB 2.0 'Enhanced' Host Controller (EHCI) Driver
[    7.153696] ehci-pci: EHCI PCI platform driver
[    7.155322] ehci-platform: EHCI generic platform driver
[    7.157437] ohci_hcd: USB 1.1 'Open' Host Controller (OHCI) Driver
[    7.159860] ohci-pci: OHCI PCI platform driver
[    7.161898] ohci-platform: OHCI generic platform driver
[    7.164082] uhci_hcd: USB Universal Host Controller Interface driver
[    7.166726] i8042: PNP: PS/2 Controller [PNP0303:PS2K,PNP0f03:PS2M] at 0x60,0x64 irq 1,12
[    7.170997] serio: i8042 KBD port at 0x60,0x64 irq 1
[    7.172756] serio: i8042 AUX port at 0x60,0x64 irq 12
[    7.174649] mousedev: PS/2 mouse device common for all mice
[    7.177575] rtc_cmos rtc_cmos: rtc core: registered rtc_cmos as rtc0
[    7.179588] input: AT Translated Set 2 keyboard as /devices/platform/i8042/serio0/input/input2
[    7.183066] rtc_cmos rtc_cmos: alarms up to one day, 114 bytes nvram
[    7.185860] i2c /dev entries driver
[    7.193231] device-mapper: uevent: version 1.0.3
[    7.195722] device-mapper: ioctl: 4.34.0-ioctl (2015-10-28) initialised: dm-devel@redhat.com
[    7.199914] ledtrig-cpu: registered to indicate activity on CPUs
[    7.203977] NET: Registered protocol family 10
[    7.206256] NET: Registered protocol family 17
[    7.208429] Key type dns_resolver registered
[    7.211089] registered taskstats version 1
[    7.212898] Loading compiled-in X.509 certificates
[    7.217331] Loaded X.509 cert 'Build time autogenerated kernel key: bff73e56bc0efa7435b2a24f5427674623f1be80'
[    7.224236] zswap: loaded using pool lzo/zbud
[    7.231471] Key type trusted registered
[    7.246132] Key type encrypted registered
[    7.254611] AppArmor: AppArmor sha1 policy hashing enabled
[    7.263658] ima: No TPM chip found, activating TPM-bypass!
[    7.267368] ima: Allocated hash algorithm: sha1
[    7.306725] evm: HMAC attrs: 0x1
[    7.309727]   Magic number: 11:240:184
[    7.312316] rtc_cmos rtc_cmos: setting system clock to 2019-03-14 15:11:10 UTC (1552576270)
[    7.317458] BIOS EDD facility v0.16 2004-Jun-25, 0 devices found
[    7.321616] EDD information not available.
[    7.327260] Freeing unused kernel memory: 1484K
[    7.354303] Write protecting the kernel read-only data: 14336k
[    7.359014] Freeing unused kernel memory: 1624K
[    7.362738] Freeing unused kernel memory: 92K
Loading, please wait...
starting version[    7.395066] random: systemd-udevd: uninitialized urandom read (16 bytes read, 5 bits of entropy available)
 229
[    7.396041] random: udevadm: uninitialized urandom read (16 bytes read, 5 bits of entropy available)
[    7.396070] random: udevadm: uninitialized urandom read (16 bytes read, 5 bits of entropy available)
[    7.420831] random: udevadm: uninitialized urandom read (16 bytes read, 5 bits of entropy available)
[    7.420925] random: udevadm: uninitialized urandom read (16 bytes read, 5 bits of entropy available)
[    7.421791] random: udevadm: uninitialized urandom read (16 bytes read, 5 bits of entropy available)
[    7.421986] random: udevadm: uninitialized urandom read (16 bytes read, 5 bits of entropy available)
[    7.422184] random: udevadm: uninitialized urandom read (16 bytes read, 5 bits of entropy available)
[    7.422308] random: udevadm: uninitialized urandom read (16 bytes read, 5 bits of entropy available)
[    7.422424] random: udevadm: uninitialized urandom read (16 bytes read, 5 bits of entropy available)
[    7.648760] Fusion MPT base driver 3.04.20
[    7.658219] Copyright (c) 1999-2008 LSI Corporation
[    7.690416] e1000: Intel(R) PRO/1000 Network Driver - version 7.3.21-k8-NAPI
[    7.707604] e1000: Copyright (c) 1999-2006 Intel Corporation.
[    7.736601] Fusion MPT SPI Host driver 3.04.20
[    7.801071] AVX2 version of gcm_enc/dec engaged.
[    7.810101] AES CTR mode by8 optimization enabled
[    7.827063] tsc: Refined TSC clocksource calibration: 2902.765 MHz
[    7.841527] clocksource: tsc: mask: 0xffffffffffffffff max_cycles: 0x29d77763b8f, max_idle_ns: 440795350349 ns
[    7.980744] input: ImExPS/2 Generic Explorer Mouse as /devices/platform/i8042/serio1/input/input4
[    8.310854] e1000 0000:00:03.0 eth0: (PCI:33MHz:32-bit) 02:a9:46:80:4d:77
[    8.375328] e1000 0000:00:03.0 eth0: Intel(R) PRO/1000 Network Connection
[    8.887252] e1000 0000:00:08.0 eth1: (PCI:33MHz:32-bit) 08:00:27:55:e5:ed
[    8.910615] e1000 0000:00:08.0 eth1: Intel(R) PRO/1000 Network Connection
[    8.918657] e1000 0000:00:03.0 enp0s3: renamed from eth0
[    8.941049] mptbase: ioc0: Initiating bringup
[    8.950459] e1000 0000:00:08.0 enp0s8: renamed from eth1
[    9.014210] ioc0: LSI53C1030 A0: Capabilities={Initiator}
[    9.660372] scsi host2: ioc0: LSI53C1030 A0, FwRev=00000000h, Ports=1, MaxQ=256, IRQ=20
[   10.269715] scsi 2:0:0:0: Direct-Access     VBOX     HARDDISK         1.0  PQ: 0 ANSI: 5
[   10.289645] scsi target2:0:0: Beginning Domain Validation
[   10.298290] scsi target2:0:0: Domain Validation skipping write tests
[   10.315399] scsi target2:0:0: Ending Domain Validation
[   10.325264] scsi target2:0:0: asynchronous
[   10.329296] scsi 2:0:1:0: Direct-Access     VBOX     HARDDISK         1.0  PQ: 0 ANSI: 5
[   10.342230] scsi target2:0:1: Beginning Domain Validation
[   10.378626] scsi target2:0:1: Domain Validation skipping write tests
[   10.382452] scsi target2:0:1: Ending Domain Validation
[   10.418372] scsi target2:0:1: asynchronous
[   10.437757] sd 2:0:0:0: [sda] 20971520 512-byte logical blocks: (10.7 GB/10.0 GiB)
[   10.443897] sd 2:0:0:0: Attached scsi generic sg0 type 0
[   10.456240] sd 2:0:1:0: Attached scsi generic sg1 type 0
[   10.456409] sd 2:0:1:0: [sdb] 20480 512-byte logical blocks: (10.5 MB/10.0 MiB)
[   10.456881] sd 2:0:1:0: [sdb] Write Protect is off
[   10.457149] sd 2:0:1:0: [sdb] Incomplete mode parameter data
[   10.457153] sd 2:0:1:0: [sdb] Assuming drive cache: write through
[   10.460294] sd 2:0:0:0: [sda] Write Protect is off
[   10.461185] sd 2:0:0:0: [sda] Incomplete mode parameter data
[   10.461189] sd 2:0:0:0: [sda] Assuming drive cache: write through
[   10.462131] sd 2:0:1:0: [sdb] Attached SCSI disk
[   10.465127]  sda: sda1
[   10.466899] sd 2:0:0:0: [sda] Attached SCSI disk
Begin: Loading essential drivers ... [   12.523467] md: linear personality registered for level -1
[   12.544141] md: multipath personality registered for level -4
[   12.566452] md: raid0 personality registered for level 0
[   12.580898] md: raid1 personality registered for level 1
[   12.677808] raid6: sse2x1   gen()  4661 MB/s
[   12.745762] raid6: sse2x1   xor()  4132 MB/s
[   12.813779] raid6: sse2x2   gen()  5580 MB/s
[   12.881716] raid6: sse2x2   xor()  4047 MB/s
[   12.961569] raid6: sse2x4   gen()  6431 MB/s
[   13.037957] raid6: sse2x4   xor()  4418 MB/s
[   13.109853] raid6: avx2x1   gen()  8623 MB/s
[   13.189738] raid6: avx2x2   gen() 10183 MB/s
[   13.265592] raid6: avx2x4   gen() 10500 MB/s
[   13.272239] raid6: using algorithm avx2x4 gen() 10500 MB/s
[   13.299178] raid6: using avx2x2 recovery algorithm
[   13.310197] xor: automatically using best checksumming function:
[   13.357421]    avx       : 10577.000 MB/sec
[   13.377988] async_tx: api initialized (async)
[   13.407029] md: raid6 personality registered for level 6
[   13.422049] md: raid5 personality registered for level 5
[   13.425381] md: raid4 personality registered for level 4
[   13.442391] md: raid10 personality registered for level 10
done.
Begin: Running /scripts/init-premount ... done.
Begin: Mounting root file system ... Begin: Running /scripts/local-top ... done.
Begin: Running /scripts/local-premount ... [   13.545542] Btrfs loaded
Scanning for Btrfs filesystems
done.
Warning: fsck not present, so sk[   13.614852] EXT4-fs (sda1): mounted filesystem with ordered data mode. Opts: (null)
ipping root file system
done.
Begin: Running /scripts/local-bottom ... done.
Begin: Running /scripts/init-bottom ... done.
[   13.819643] systemd[1]: systemd 229 running in system mode. (+PAM +AUDIT +SELINUX +IMA +APPARMOR +SMACK +SYSVINIT +UTMP +LIBCRYPTSETUP +GCRYPT +GNUTLS +ACL +XZ -LZ4 +SECCOMP +BLKID +ELFUTILS +KMOD -IDN)
[   13.839608] systemd[1]: Detected virtualization oracle.
[   13.845234] systemd[1]: Detected architecture x86-64.

Welcome to [1mUbuntu 16.04.5 LTS[0m!

[   13.856061] systemd[1]: Set hostname to <ubuntu>.
[   13.863652] systemd[1]: Initializing machine ID from random generator.
[   13.867983] systemd[1]: Installed transient /etc/machine-id file.
[   14.061904] systemd[1]: Set up automount Arbitrary Executable File Formats File System Automount Point.
[[0;32m  OK  [0m] Set up automount Arbitrary Executab...ats File System Automount Point.
[   14.086666] systemd[1]: Started Forward Password Requests to Wall Directory Watch.
[[0;32m  OK  [0m] Started Forward Password Requests to Wall Directory Watch.
[   14.112075] systemd[1]: Started Trigger resolvconf update for networkd DNS.
[[0;32m  OK  [0m] Started Trigger resolvconf update for networkd DNS.
[   14.120853] systemd[1]: Listening on Device-mapper event daemon FIFOs.
[[0;32m  OK  [0m] Listening on Device-mapper event daemon FIFOs.
[   14.128850] systemd[1]: Listening on Journal Socket (/dev/log).
[[0;32m  OK  [0m] Listening on Journal Socket (/dev/log).
[   14.138504] systemd[1]: Reached target User and Group Name Lookups.
[[0;32m  OK  [0m] Reached target User and Group Name Lookups.
[   14.159333] systemd[1]: Listening on Journal Socket.
[[0;32m  OK  [0m] Listening on Journal Socket.
[   14.173758] systemd[1]: Listening on /dev/initctl Compatibility Named Pipe.
[[0;32m  OK  [0m] Listening on /dev/initctl Compatibility Named Pipe.
[   14.214075] systemd[1]: Reached target Encrypted Volumes.
[[0;32m  OK  [0m] Reached target Encrypted Volumes.
[   14.227598] systemd[1]: Listening on udev Kernel Socket.
[[0;32m  OK  [0m] Listening on udev Kernel Socket.
[   14.241503] systemd[1]: Listening on udev Control Socket.
[[0;32m  OK  [0m] Listening on udev Control Socket.
[   14.264549] systemd[1]: Created slice User and Session Slice.
[[0;32m  OK  [0m] Created slice User and Session Slice.
[   14.276737] systemd[1]: Reached target System Time Synchronized.
[[0;32m  OK  [0m] Reached target System Time Synchronized.
[   14.294609] systemd[1]: Reached target Swap.
[[0;32m  OK  [0m] Reached target Swap.
[   14.322797] systemd[1]: Created slice System Slice.
[[0;32m  OK  [0m] Created slice System Slice.
[   14.357712] systemd[1]: Starting Remount Root and Kernel File Systems...
[   14.365812] EXT4-fs (sda1): re-mounted. Opts: (null)
         Starting Remount Root and Kernel File Systems...
[   14.415217] systemd[1]: Mounting Huge Pages File System...
         Mounting Huge Pages File System...
[   14.453629] systemd[1]: Mounting Debug File System...
         Mounting Debug File System...
[   14.466893] systemd[1]: Starting Nameserver information manager...
         Starting Nameserver information manager...
[   14.481070] systemd[1]: Mounting POSIX Message Queue File System...
         Mounting POSIX Message Queue File System...
[   14.513733] systemd[1]: Starting Uncomplicated firewall...
         Starting Uncomplicated firewall...
[   14.522938] systemd[1]: Starting Create list of required static device nodes for the current kernel...
         Starting Create list of required st... nodes for the current kernel...
[   14.549285] systemd[1]: Reached target Slices.
[[0;32m  OK  [0m] Reached target Slices.
[   14.562172] systemd[1]: Listening on LVM2 metadata daemon socket.
[[0;32m  OK  [0m] Listening on LVM2 metadata daemon socket.
[   14.622160] systemd[1]: Starting Monitoring of LVM2 mirrors, snapshots etc. using dmeventd or progress polling...
[   14.659250] random: nonblocking pool is initialized
         Starting Monitoring of LVM2 mirrors... dmeventd or progress polling...
[   14.701341] systemd[1]: Starting Set console keymap...
         Starting Set console keymap...
[   14.739748] systemd[1]: Listening on LVM2 poll daemon socket.
[[0;32m  OK  [0m] Listening on LVM2 poll daemon socket.
[   14.830565] systemd[1]: Listening on Journal Audit Socket.
[[0;32m  OK  [0m] Listening on Journal Audit Socket.
[   14.875058] systemd[1]: Created slice system-serial\x2dgetty.slice.
[[0;32m  OK  [0m] Created slice system-serial\x2dgetty.slice.
[   14.918239] systemd[1]: Starting Load Kernel Modules...
         Starting Load Kernel Mo[   14.941721] Loading iSCSI transport class v2.0-870.
dules...
[   14.958916] systemd[1]: Listening on Syslog Socket.
[[0;32m  OK  [0m] Listening on Syslog Socket.
[   14.964860] systemd[1]: Starting Journal Service...
         Starting Journal Servic[   15.038753] iscsi: registered transport (tcp)
e...
[   15.075700] systemd[1]: Mounted Huge Pages File System.
[[0;32m  OK  [0m] Mounted Huge Pages File System.
[   15.079876] systemd[1]: Mounted Debug File System.
[[0;32m  OK  [0m] Mounted Debug File System.
[   15.093739] systemd[1]: Mounted POSIX Message Queue File System.
[   15.098256] iscsi: registered transport (iser)
[[0;32m  OK  [0m] Mounted POSIX Message Queue File System.
[   15.104928] systemd[1]: Started Journal Service.
[[0;32m  OK  [0m] Started Journal Service.
[[0;32m  OK  [0m] Started Remount Root and Kernel File Systems.
[[0;32m  OK  [0m] Started Uncomplicated firewall.
[[0;32m  OK  [0m] Started Create list of required sta...ce nodes for the current kernel.
[[0;32m  OK  [0m] Started Set console keymap.
[[0;32m  OK  [0m] Started Load Kernel Modules.
[[0;32m  OK  [0m] Started Nameserver information manager.
[[0;32m  OK  [0m] Started LVM2 metadata daemon.
         Starting Apply Kernel Variables...
         Mounting FUSE Control File System...
         Starting Create Static Device Nodes in /dev...
         Starting udev Coldplug all Devices...
         Starting Load/Save Random Seed...
         Starting Flush Journal to Persistent Storage...
[[0;32m  OK  [0m] Mounted FUSE Control File System.
[[0;32m  OK  [0m] Started Monitoring of LVM2 mirrors,...ng dmeventd or progress polling.
[[0;32m  OK  [0m] Started Apply Kernel Variables.
[[0;32m  OK  [0m] Started Create Static Device Nodes in /dev.
[[0;32m  OK  [0m] Started Load/Save Random Seed.
[[0;32m  OK  [0m] Started udev Coldplug all Devices.
[[0;32m  OK  [0m] Started Flush Journal to Persistent Storage.
         Starting udev Kernel Device Manager...
[[0;32m  OK  [0m] Reached target Local File Systems (Pre).
[[0;32m  OK  [0m] Reached target Local File Systems.
         Starting LSB: AppArmor initialization...
         Starting Commit a transient machine-id on disk...
         Starting Initial cloud-init job (pre-networking)...
         Starting Set console font and keymap...
         Starting Tell Plymouth To Write Out Runtime Data...
         Starting Create Volatile Files and Directories...
[[0;32m  OK  [0m] Started udev Kernel Device Manager.
[[0;32m  OK  [0m] Started Commit a transient machine-id on disk.
[[0;32m  OK  [0m] Started Tell Plymouth To Write Out Runtime Data.
[[0;32m  OK  [0m] Started Create Volatile Files and Directories.
         Starting Update UTMP about System Boot/Shutdown...
[[0;32m  OK  [0m] Started Dispatch Password Requests to Console Directory Watch.
[[0;32m  OK  [0m] Started Update UTMP about System Boot/Shutdown.
[[0;32m  OK  [0m] Found device /dev/ttyS0.
[[0;32m  OK  [0m] Listening on Load/Save RF Kill Switch Status /dev/rfkill Watch.
[[0;32m  OK  [0m] Started Initial cloud-init job (pre-networking).
[[0;32m  OK  [0m] Reached target Network (Pre).
[   18.136133] cloud-init[481]: Cloud-init v. 18.4-0ubuntu1~16.04.2 running 'init-local' at Thu, 14 Mar 2019 15:11:24 +0000. Up 16.97 seconds.
[[0;32m  OK  [0m] Started LSB: AppArmor initialization.
         Starting Raise network interfaces...
[[0;32m  OK  [0m] Started Set console font and keymap.
[[0;32m  OK  [0m] Created slice system-getty.slice.
[[0;32m  OK  [0m] Started Raise network interfaces.
         Starting Initial cloud-init job (metadata service crawler)...
[[0;32m  OK  [0m] Reached target Network.
[   22.239020] cloud-init[942]: Cloud-init v. 18.4-0ubuntu1~16.04.2 running 'init' at Thu, 14 Mar 2019 15:11:28 +0000. Up 21.06 seconds.
[   22.249784] cloud-init[942]: ci-info: ++++++++++++++++++++++++++++++++++++++Net device info+++++++++++++++++++++++++++++++++++++++
[   22.266155] cloud-init[942]: ci-info: +--------+-------+----------------------------+---------------+--------+-------------------+
[   22.276738] cloud-init[942]: ci-info: | Device |   Up  |          Address           |      Mask     | Scope  |     Hw-Address    |
[   22.283089] cloud-init[942]: ci-info: +--------+-------+----------------------------+---------------+--------+-------------------+
[   22.286947] cloud-init[942]: ci-info: | enp0s3 |  True |         10.0.2.15          | 255.255.255.0 | global | 02:a9:46:80:4d:77 |
[   22.292333] cloud-init[942]: ci-info: | enp0s3 |  True | fe80::a9:46ff:fe80:4d77/64 |       .       |  link  | 02:a9:46:80:4d:77 |
[   22.298961] cloud-init[942]: ci-info: | enp0s8 | False |             .              |       .       |   .    | 08:00:27:55:e5:ed |
[   22.302989] cloud-init[942]: ci-info: |   lo   |  True |         127.0.0.1          |   255.0.0.0   |  host  |         .         |
[   22.306674] cloud-init[942]: ci-info: |   lo   |  True |          ::1/128           |       .       |  host  |         .         |
[   22.309997] cloud-init[942]: ci-info: +--------+-------+----------------------------+---------------+--------+-------------------+
[   22.320737] cloud-init[942]: ci-info: +++++++++++++++++++++++++++Route IPv4 info++++++++++++++++++++++++++++
[   22.324948] cloud-init[942]: ci-info: +-------+-------------+----------+---------------+-----------+-------+
[   22.351040] cloud-init[942]: ci-info: | Route | Destination | Gateway  |    Genmask    | Interface | Flags |
[   22.357086] cloud-init[942]: ci-info: +-------+-------------+----------+---------------+-----------+-------+
[   22.359978] cloud-init[942]: ci-info: |   0   |   0.0.0.0   | 10.0.2.2 |    0.0.0.0    |   enp0s3  |   UG  |
[   22.363457] cloud-init[942]: ci-info: |   1   |   10.0.2.0  | 0.0.0.0  | 255.255.255.0 |   enp0s3  |   U   |
[   22.368482] cloud-init[942]: ci-info: +-------+-------------+----------+---------------+-----------+-------+
[   22.372062] cloud-init[942]: ci-info: +++++++++++++++++++Route IPv6 info+++++++++++++++++++
[   22.376783] cloud-init[942]: ci-info: +-------+-------------+---------+-----------+-------+
[   22.379983] cloud-init[942]: ci-info: | Route | Destination | Gateway | Interface | Flags |
[   22.392346] [[0;32m  OK  [0m] Started Initial cloud-init job (metadata service crawler).
cloud-init[942]: ci-info: +-------+-------------+---------+-----------+-------+[[0;32m  OK  [0m] Reached target Cloud-config availability.

[[0;32m  OK  [0m] Reached target Network is Online.
[   22.405529] cloud-init[942]: ci-info: |   0   |  fe80::/64  |    ::   |   enp0s3  |   U   |
[   22.408843] cloud-init[942]: ci-info: |   4   |   ff00::/8  |    ::   |   enp0s3  |   U   |
[   22.412154] cloud-init[942]: ci-info: +-------+-------------+---------+-----------+-------+
[   22.416828] cloud-init[942]: Generating public/private rsa key pair.
[   22.418866] cloud-init[942]: Your identification has been saved in /etc/ssh/ssh_host_rsa_key.
[   22.422086]          Starting iSCSI initiator daemon (iscsid)...
cloud-init[[0;32m  OK  [0m] Reached target System Initialization.
[942]: Your public key has been saved in /etc/ssh/ssh_host_rsa_key.pub.
[   22.429156] [[0;32m  OK  [0m] Started ACPI Events Check.
cloud-init[[0;32m  OK  [0m] Reached target Paths.
[942]: The key fingerprint is:
[   22.442784]          Starting LXD - unix socket.
cloud-init[[0;32m  OK  [0m] Listening on ACPID Listen Socket.
[942]: [SHA256:4iWEJMc1230U96Sqy5Xs3BJjqoZPYOlQpAntu7Kn6AE root@ubuntu-xenial[0;32m  OK  [0m
] Listening on UUID daemon activation socket.
[   22.446734]          cloud-initStarting Socket activation for snappy daemon.[942]: 
The key's randomart image is:
[   22.477721] [[0;32m  OK  [0m] Started Daily Cleanup of Temporary Directories.
cloud-init[[0;32m  OK  [0m] Started Daily apt download activities.
[942]: [[0;32m  OK  [0m] Started Daily apt upgrade and clean activities.
+---[RSA 2048]----+[[0;32m  OK  [0m] Reached target Timers.

[   22.500906] [[0;32m  OK  [0m] Listening on D-Bus System Message Bus Socket.
cloud-init[942]: |  ooo.+     o.. .|
[   22.515993] [[0;32m  OK  [0m] Listening on LXD - unix socket.
cloud-init[[0;32m  OK  [0m] Listening on Socket activation for snappy daemon.
[942]: |   =o= + . . . + |
[   22.529354] [[0;32m  OK  [0m] Started iSCSI initiator daemon (iscsid).
cloud-init[942]: |   .+ + . . . . .|
[   22.540810] cloud-init[942]: |    .o .   . .   |         Starting Login to default iSCSI targets...

[[0;32m  OK  [0m] Reached target Sockets.
[   22.546278] [[0;32m  OK  [0m] Reached target Basic System.
cloud-init[[0;32m  OK  [0m] Started Unattended Upgrades Shutdown.
[942]: |E   ..* S   .    |
[   22.572455] [[0;32m  OK  [0m] Started Deferred execution scheduler.
cloud-init         Starting Login Service...
         Starting LSB: Record successful boot for GRUB...
         Starting Pollinate to seed the pseudo random number generator...
[[0;32m  OK  [0m] Started D-Bus System Message Bus.
[942]: |.   .= =   o+.   |
[   22.599493] cloud-init[942]: | .   .o.. .o+o   |
[   22.619585] cloud-init[942]: | .o o .....=..   |
[   22.642487] cloud-init[942]: |o.o=   oo.o o..  |
[   22.646503] cloud-init         Starting LSB: MD monitoring daemon...
[942]: +----[SHA256]-----+
[   22.661130] [[0;32m  OK  [0m] Started ACPI event daemon.
cloud-init[942]: Generating public/private dsa key pair.
[   22.684452]          Starting System Logging Service...
cloud-init[942]: Your identification has been saved in /etc/ssh/ssh_host_dsa_key.
[   22.690208] cloud-init[942]: Your public key has been saved in /etc/ssh/ssh_host_dsa_key.pub.
[   22.694748] cloud-init[942]: The key fingerprint is:
[   22.700917] cloud-init[942]: SHA256:GyGDfQeoL3sZtIuuosMKh+sNjVGcf5qNWiBfUidzztw root@ubuntu-xenial
[[   22.710751] [0;32m  OK  [0m] Started Regular background program processing daemon.
cloud-init[942]: The key's randomart image is:[[0;32m  OK  [0m] Started FUSE filesystem for LXC.

         [   22.738813] Starting Accounts Service...
cloud-init[942]: +---[DSA 1024]----+
[   22.743708]          Starting Snappy daemon...
         Starting Virtualbox guest utils...
         Starting /etc/rc.local Compatibility...
         Starting LXD - container startup/shutdown...
[[0;32m  OK  [0m] Started System Logging Service.
cloud-init[942]: |       ..        |
[   22.876714] [[0;32m  OK  [0m] Started /etc/rc.local Compatibility.
cloud-init[942]: |  . .o.  .       |
[   22.882255] cloud-init[942]: |   +.=+oo .      |
[   22.981825] cloud-init[942]: |  . + X+.o       |
[   22.984079] cloud-init[942]: | o o = *SE       |
[   23.034075] cloud-init[942]: | .* = X  o       |
[   23.076395] cloud-init[942]: |+o.o O =.        |
[   23.194607] cloud-init[942]: |++o = +          |
[   23.290919] [[0;32m  OK  [0m] Started Login to default iSCSI targets.
cloud-init[942]: |B+.=..           |
[   23.345435] cloud-init[942]: +----[SHA256]-----+
[   23.403465] [[0;32m  OK  [0m] Started LSB: Record successful boot for GRUB.
cloud-init[942]: Generating public/private ecdsa key pair.
[   23.487303] cloud-init[942]: Your identification has been saved in /etc/ssh/ssh_host_ecdsa_key.
[   23.604619] cloud-init[942]: Your public key has been saved in /etc/ssh/ssh_host_ecdsa_key.pub.
[   23.609390] [[0;32m  OK  [0m] Started LXD - container startup/shutdown.
cloud-init[[0;32m  OK  [0m] Started Pollinate to seed the pseudo random number generator.
[[0;32m  OK  [0m] Started LSB: MD monitoring daemon.
[942]: The key fingerprint is:
[   23.622488] cloud-init[942]: SHA256:uZf2grJ/abcefEz8s8UNqOgsj6qhCPPVnC8HJg+tCjE root@ubuntu-xenial
[   23.627686] cloud-init[942]: The key's randomart image is:
[   23.632210] cloud-init[942]: +---[ECDSA 256]---+
[[0;32m  OK  [0m[   23.716958] cloud-init[942]: |                 |
] Started Login Service.
[   23.729635] cloud-init[942]: |                 |
         Starting Authenticate and Authorize Users to Run Privileged Tasks...
         Starting OpenBSD Secure Shell server...
[[0;32m  OK  [0m] Reached target Remote File Systems (Pre).
[[0;32m  OK  [0m] Reached target Remote File Systems.
[   23.747893] cloud-init[942]: |                 |
         Starting LSB: Set the CPU Frequency Scaling governor to "ondemand"...
         Starting LSB: automatic crash report generation...
         Starting Permit User Sessions...
         Starting LSB: daemon to balance interrupts for SMP systems...
[[0;32m  OK  [0m] Started Authenticate and Authorize Users to Run Privileged Tasks.
[   23.824430] cloud-init[942]: |         .   o   |
[[0;32m  OK  [0m[   23.960919] cloud-init[942]: |E    .  S   . +  |
] [   23.962350] cloud-init[942]: | o  oo+. o + o +.|
Started Virtualbox guest utils.
[   23.963598] cloud-init[942]: |+ . .*+.o.=.o o.=|
[   24.027026] cloud-init[942]: |o= o. ==oo=..o  +|
[[0;32m  OK  [0m] Started Permit User Sessions.
[[0;32m  OK  [0m] Started Snappy daemon.
[[0;32m  OK  [0m] Started OpenBSD Secure Shell server.
[   24.027377] cloud-init[942]: |o +o..oO*o ++. . |
[   24.036392] cloud-init[942]: +----[SHA256]-----+
[[0;32m  OK  [0m] Started Accounts Service.
[   24.097667] cloud-init[942]: Generating public/private ed25519 key pair.
[   24.112700] cloud-init[942]: Your identification has been saved in /etc/ssh/ssh_host_ed25519_key.
[   24.124820] cloud-init[942]: Your public key has been saved in /etc/ssh/ssh_host_ed25519_key.pub.
[   24.161781] cloud-init[942]: The key fingerprint is:
[   24.173943] cloud-init[942]: SHA256:Oeom5lnkOP3mN/A+9lJIHUiC6DhxBP4G5G6O0IKDPhI root@ubuntu-xenial
[[   24.174644] cloud-init[942]: The key's randomart image is:
[0;32m  OK  [0m[   24.179079] cloud-init[942]: +--[ED25519 256]--+
] [   24.179705] cloud-init[942]: |  oo.. .....     |
Started LSB: Set the CPU Frequency Scaling governor to "ondemand".
[   24.180030] cloud-init[942]: | +. o .  .. .    |
[   24.211258] cloud-init[942]: |  +=       . .   |
[   24.215258] cloud-init[942]: |oooo.    .. .    |
[   24.222321] cloud-init[942]: |E +.o . S. .     |
[   24.226763] cloud-init[942]: |oB . = .... .    |
[   24.230453] cloud-init[942]: |oo. o =  o .     |
[   24.235584] cloud-init[942]: |. . o=... B      |
[   24.265287] cloud-init[942]: |   ooo.oo+.=.    |
[   24.285689] cloud-init[942]: +----[SHA256]-----+
[[0;32m  OK  [0m] Created slice User Slice of vagrant.
         Starting Wait until snapd is fully seeded...
         Starting Terminate Plymouth Boot Screen...
         Starting Hold until boot process finishes up...
[[0;32m  OK  [0m] Started LSB: automatic crash report generation.
[[0;32m  OK  [0m] Started LSB: daemon to balance interrupts for SMP systems.
[[0;32m  OK  [0m] Started Terminate Plymouth Boot Screen.
[[0;32m  OK  [0m] Started Hold until boot process finishes up.
[[0;32m  OK  [0m] Started Session 1 of user vagrant.
         Starting User Manager for UID 1000...
         Starting Set console scheme...
[[0;32m  OK  [0m] Started Getty on tty1.
[[0;32m  OK  [0m] Started Serial Getty on ttyS0.
[[0;32m  OK  [0m] Reached target Login Prompts.
[[0;32m  OK  [0m] Started User Manager for UID 1000.
[[0;32m  OK  [0m] Started Set console scheme.
[[0;32m  OK  [0m] Started Wait until snapd is fully seeded.
[[0;32m  OK  [0m] Reached target Multi-User System.
[[0;32m  OK  [0m] Reached target Graphical Interface.
         Starting Update UTMP about System Runlevel Changes...
         Starting Apply the settings specified in cloud-config...
[[0;32m  OK  [0m] Started Update UTMP about System Runlevel Changes.
[   30.103018] cloud-init[1376]: Generating locales (this might take a while)...

Ubuntu 16.04.5 LTS ubuntu-xenial ttyS0

ubuntu-xenial login: [   33.713713] cloud-init[1376]:   en_US.UTF-8... done
[   33.714823] cloud-init[1376]: Generation complete.
[   34.234189] cloud-init[1376]: Cloud-init v. 18.4-0ubuntu1~16.04.2 running 'modules:config' at Thu, 14 Mar 2019 15:11:36 +0000. Up 29.75 seconds.
ci-info: no authorized ssh keys fingerprints found for user ubuntu.
<14>Mar 14 15:11:42 ec2: 
<14>Mar 14 15:11:42 ec2: #############################################################
<14>Mar 14 15:11:42 ec2: -----BEGIN SSH HOST KEY FINGERPRINTS-----
<14>Mar 14 15:11:42 ec2: 1024 SHA256:GyGDfQeoL3sZtIuuosMKh+sNjVGcf5qNWiBfUidzztw root@ubuntu-xenial (DSA)
<14>Mar 14 15:11:42 ec2: 256 SHA256:uZf2grJ/abcefEz8s8UNqOgsj6qhCPPVnC8HJg+tCjE root@ubuntu-xenial (ECDSA)
<14>Mar 14 15:11:42 ec2: 256 SHA256:Oeom5lnkOP3mN/A+9lJIHUiC6DhxBP4G5G6O0IKDPhI root@ubuntu-xenial (ED25519)
<14>Mar 14 15:11:42 ec2: 2048 SHA256:4iWEJMc1230U96Sqy5Xs3BJjqoZPYOlQpAntu7Kn6AE root@ubuntu-xenial (RSA)
<14>Mar 14 15:11:42 ec2: -----END SSH HOST KEY FINGERPRINTS-----
<14>Mar 14 15:11:42 ec2: #############################################################
-----BEGIN SSH HOST KEY KEYS-----
ecdsa-sha2-nistp256 AAAAE2VjZHNhLXNoYTItbmlzdHAyNTYAAAAIbmlzdHAyNTYAAABBBC4fmkMqOxTimDCpF5OWEAFlNr6eVfPwhCzs1a4Ja8Qjt1ZLIhfLILMQiduuRmppL8fBfDgCsHZr4whB2NtNEWA= root@ubuntu-xenial
ssh-ed25519 AAAAC3NzaC1lZDI1NTE5AAAAIAMmLXRIbFLJ8Mvvl6MpNE8OA0cOdsYnXwv9RWBpG8Bu root@ubuntu-xenial
ssh-rsa AAAAB3NzaC1yc2EAAAADAQABAAABAQCv62g2zHoaibyFcuQfJ2tkm3qVrLzkynSkt1inv1PErWR1kVyi2GoUEBetgh6SYg6OVJlejtLKjUPsTbsy6OSRt8c933b9eDBVnyONdc8ABgZoZ3fgeNpJJnIivvRfXxzAj17CaH2Lv7bWd3pRz08somjn2H8FvCpBHWwhONMdBvIs/4hxRjtZ5kPUPPhSpSu5a5byyAEHBMuXz3wkxJnaqPsjtSIKCG/06ZplNUcT9H9a7U7M9ec6IJbakHLtBxRfU6r8jG9UQrUd+BQ0vPm8Ga/xVXrrBg5p7Nltc1UixIiEKezEyzbOzbdtJtFYWpWtnzE/OHICqOmwM/PH1Sfr root@ubuntu-xenial
-----END SSH HOST KEY KEYS-----
[   35.209104] cloud-init[1509]: Cloud-init v. 18.4-0ubuntu1~16.04.2 running 'modules:final' at Thu, 14 Mar 2019 15:11:42 +0000. Up 34.96 seconds.
[   35.209410] cloud-init[1509]: ci-info: no authorized ssh keys fingerprints found for user ubuntu.
[   35.209627] cloud-init[1509]: Cloud-init v. 18.4-0ubuntu1~16.04.2 finished at Thu, 14 Mar 2019 15:11:42 +0000. Datasource DataSourceNoCloud [seed=/dev/sdb][dsmode=net].  Up 35.19 seconds
         Stopping User Mana[[0;32m  OK  [0m] Stopped target Cloud-init target.
         Stopping User Manager for UID 100         Stopping Unattended Upgrades Shutdown...
         Stopping Authenticate and Authorize Users to Run Privileged Tasks...
[[0;32m  OK  [0m] Unmounted /var/lib/lxcfs.
[[0;32m  OK  [0m] Stopped ACPI event daemon.
[[0;32m  OK  [0m] Stopped System Logging Service.
[[0;32m  OK  [0m] Stopped Snappy daemon.
[[0;32m  OK  [0m] Stopped Deferred execution scheduler.
[[0;32m  OK  [0m] Stopped Accounts Service.
[[0;32m  OK  [0m] Stopped Regular background program processing daemon.
[[0;32m  OK  [0m] Stopped Authenticate and Authorize Users to Run Privileged Tasks.
[[0;32m  OK  [0m] Stopped OpenBSD Secure Shell server.
[[0;32m  OK  [0m] Stopped Serial Getty on ttyS0.
[[0;32m  OK  [0m] Stopped Getty on tty1.
[[0;32m  OK  [0m] Stopped The PHP 7.0 FastCGI Process Manager.
[[0;32m  OK  [0m] Stopped User Manager for UID 1000.
[[0;32m  OK  [0m] Stopped Session 4 of user vagrant.
[[0;32m  OK  [0m] Stopped D-Bus System Message Bus.
[[0;32m  OK  [0m] Stopped Unattended Upgrades Shutdown.
[[0;32m  OK  [0m] Stopped FUSE filesystem for LXC.
[[0;32m  OK  [0m] Stopped LSB: Set the CPU Frequency Scaling governor to "ondemand".
[[0;32m  OK  [0m] Stopped LXD - container startup/shutdown.
[[0;32m  OK  [0m] Stopped LSB: MD monitoring daemon.
[[0;32m  OK  [0m] Stopped LSB: Record successful boot for GRUB.
[[0;32m  OK  [0m] Stopped LSB: automatic crash report generation.
[[0;32m  OK  [0m] Stopped LSB: daemon to balance interrupts for SMP systems.
[[0;32m  OK  [0m] Stopped Virtualbox guest utils.
[[0;32m  OK  [0m] Removed slice User Slice of vagrant.
         Stopping Login Service...
[[0;32m  OK  [0m] Removed slice system-getty.slice.
         Stopping Permit User Sessions...
[[0;32m  OK  [0m] Stopped /etc/rc.local Compatibility.
[[0;32m  OK  [0m] Removed slice system-serial\x2dgetty.slice.
[[0;32m  OK  [0m] Stopped Permit User Sessions.
[[0;32m  OK  [0m] Stopped Login Service.
[[0;32m  OK  [0m] Stopped target User and Group Name Lookups.
[[0;32m  OK  [0m] Stopped LSB: Apache2 web server.
[[0;32m  OK  [0m] Stopped target Remote File Systems.
[[0;32m  OK  [0m] Stopped target Remote File Systems (Pre).
         Stopping Login to default iSCSI targets...
[[0;32m  OK  [0m] Stopped target Basic System.
[[0;32m  OK  [0m] Stopped target Sockets.
[[0;32m  OK  [0m] Closed LXD - unix socket.
[[0;32m  OK  [0m] Closed ACPID Listen Socket.
[[0;32m  OK  [0m] Closed Socket activation for snappy daemon.
[[0;32m  OK  [0m] Closed Syslog Socket.
[[0;32m  OK  [0m] Closed UUID daemon activation socket.
[[0;32m  OK  [0m] Closed D-Bus System Message Bus Socket.
[[0;32m  OK  [0m] Stopped target Slices.
[[0;32m  OK  [0m] Removed slice User and Session Slice.
[[0;32m  OK  [0m] Stopped target Paths.
[[0;32m  OK  [0m] Stopped ACPI Events Check.
[[0;32m  OK  [0m] Stopped Forward Password Requests to Wall Directory Watch.
[[0;32m  OK  [0m] Stopped Dispatch Password Requests to Console Directory Watch.
[[0;32m  OK  [0m] Stopped target System Initialization.
[[0;32m  OK  [0m] Stopped Create Volatile Files and Directories.
[[0;32m  OK  [0m] Stopped Commit a transient machine-id on disk.
[[0;32m  OK  [0m] Stopped target Encrypted Volumes.
[[0;32m  OK  [0m] Stopped target Swap.
         Stopping Load/Save Random Seed...
[[0;32m  OK  [0m] Stopped Load/Save Random Seed.
[[0;32m  OK  [0m] Stopped Login to default iSCSI targets.
         Stopping iSCSI initiator daemon (iscsid)...
[[0;32m  OK  [0m] Stopped iSCSI initiator daemon (iscsid).
[[0;32m  OK  [0m] Stopped target Network is Online.
[[0;32m  OK  [0m] Stopped target Network.
[[0;32m  OK  [0m] Stopped Initial cloud-init job (metadata service crawler).
         Stopping Raise network interfaces...
[[0;32m  OK  [0m] Stopped Raise network interfaces.
[[0;32m  OK  [0m] Stopped target Network (Pre).
[[0;32m  OK  [0m] Stopped Initial cloud-init job (pre-networking).
[[0;32m  OK  [0m] Stopped Apply Kernel Variables.
[[0;32m  OK  [0m] Stopped target Local File Systems.
         Unmounting /vagrant...
         Unmounting /run/user/1000...
         Unmounting /var/www/html...
[[0;32m  OK  [0m] Stopped Load Kernel Modules.
[[0;32m  OK  [0m] Unmounted /vagrant.
[[0;32m  OK  [0m] Unmounted /run/user/1000.
[[0;32m  OK  [0m] Unmounted /var/www/html.
[[0;32m  OK  [0m] Reached target Unmount All Filesystems.
[[0;32m  OK  [0m] Stopped target Local File Systems (Pre).
[[0;32m  OK  [0m] Stopped Create Static Device Nodes in /dev.
[[0;32m  OK  [0m] Stopped Remount Root and Kernel File Systems.
[[0;32m  OK  [0m] Reached target Shutdown.
[  870.837961] reboot: Power down
;32m  OK  [0m] Stopped Raise network interfaces.
[[0;32m  OK  [0m] Stopped target Network (Pre).
[[0;32m  OK  [0m] Stopped Initial cloud-init job (pre-networking).
[[0;32m  OK  [0m] Stopped Apply Kernel Variables.
[[0;32m  OK  [0m] Stopped Load Kernel Modules.
[[0;32m  OK  [0m] Stopped target Local File Systems.
         Unmounting /vagrant...
         Unmounting /run/user/1000...
[[0;32m  OK  [0m] Unmounted /vagrant.
[[0;32m  OK  [0m] Unmounted /run/user/1000.
[[0;32m  OK  [0m] Reached target Unmount All Filesystems.
[[0;32m  OK  [0m] Stopped target Local File Systems (Pre).
[[0;32m  OK  [0m] Stopped Create Static Device Nodes in /dev.
         Stopping Monitoring of LVM2 mirrors... dmeventd or progress polling...
[[0;32m  OK  [0m] Stopped Remount Root and Kernel File Systems.
[[0;32m  OK  [0m] Reached target Shutdown.
[  618.9505]ebt:ower down

